

Started GET "/" for 127.0.0.1 at 2012-03-24 14:58:02 -0300
  Processing by StaticController#index as HTML
Rendered static/_menu.html.erb (0.3ms)
Rendered layouts/_final_menu.html.erb (0.2ms)
Rendered static/index.html.erb within layouts/application (27.9ms)
Compiled application.css  (35ms)  (pid 7652)
Compiled scaffolds.css  (0ms)  (pid 7652)
Compiled application.js  (3ms)  (pid 7652)
Compiled jquery.js  (2ms)  (pid 7652)
Compiled jquery_ujs.js  (0ms)  (pid 7652)
Rendered layouts/_menu.html.erb (0.4ms)
Completed 200 OK in 159ms (Views: 158.8ms | ActiveRecord: 0.0ms)


Started GET "/assets/application.css?body=1" for 127.0.0.1 at 2012-03-24 14:58:03 -0300
Served asset /application.css - 200 OK (8ms)


Started GET "/assets/scaffolds.css?body=1" for 127.0.0.1 at 2012-03-24 14:58:03 -0300
Served asset /scaffolds.css - 200 OK (12ms)


Started GET "/assets/jquery.js?body=1" for 127.0.0.1 at 2012-03-24 14:58:03 -0300
Served asset /jquery.js - 200 OK (6ms)


Started GET "/assets/application.js?body=1" for 127.0.0.1 at 2012-03-24 14:58:03 -0300
Served asset /application.js - 200 OK (3ms)


Started GET "/assets/jquery_ujs.js?body=1" for 127.0.0.1 at 2012-03-24 14:58:03 -0300
Served asset /jquery_ujs.js - 200 OK (5ms)


Started GET "/assets/bg.png" for 127.0.0.1 at 2012-03-24 14:58:03 -0300
Served asset /bg.png - 200 OK (12ms)


Started GET "/assets/financas.jpg" for 127.0.0.1 at 2012-03-24 14:58:03 -0300
Served asset /financas.jpg - 200 OK (2ms)


Started GET "/assets/bgHeader3.png" for 127.0.0.1 at 2012-03-24 14:58:03 -0300
Served asset /bgHeader3.png - 200 OK (3ms)


Started GET "/assets/bgFooter3.png" for 127.0.0.1 at 2012-03-24 14:58:03 -0300
Served asset /bgFooter3.png - 200 OK (3ms)


Started GET "/" for 127.0.0.1 at 2012-03-24 14:58:10 -0300
  Processing by StaticController#index as HTML
Rendered static/_menu.html.erb (0.0ms)
Rendered layouts/_final_menu.html.erb (0.0ms)
Rendered static/index.html.erb within layouts/application (1.2ms)
Rendered layouts/_menu.html.erb (0.0ms)
Completed 200 OK in 7ms (Views: 7.1ms | ActiveRecord: 0.0ms)


Started GET "/assets/jquery_ujs.js?body=1" for 127.0.0.1 at 2012-03-24 14:58:11 -0300
Served asset /jquery_ujs.js - 304 Not Modified (0ms)


Started GET "/assets/application.js?body=1" for 127.0.0.1 at 2012-03-24 14:58:11 -0300
Served asset /application.js - 304 Not Modified (0ms)


Started GET "/assets/application.css?body=1" for 127.0.0.1 at 2012-03-24 14:58:11 -0300
Served asset /application.css - 304 Not Modified (0ms)


Started GET "/assets/scaffolds.css?body=1" for 127.0.0.1 at 2012-03-24 14:58:11 -0300
Served asset /scaffolds.css - 304 Not Modified (0ms)


Started GET "/assets/jquery.js?body=1" for 127.0.0.1 at 2012-03-24 14:58:11 -0300
Served asset /jquery.js - 304 Not Modified (0ms)


Started GET "/empresas/" for 127.0.0.1 at 2012-03-24 14:58:12 -0300
  Processing by EmpresasController#index as HTML
  [1m[36mEmpresa Load (0.2ms)[0m  [1mSELECT "empresas".* FROM "empresas" [0m
Rendered empresas/_menu.html.erb (0.9ms)
Rendered layouts/_final_menu.html.erb (0.0ms)
Rendered empresas/index.html.erb within layouts/application (13.2ms)
Rendered layouts/_menu.html.erb (0.0ms)
Completed 200 OK in 21ms (Views: 19.5ms | ActiveRecord: 0.3ms)


Started GET "/assets/application.css?body=1" for 127.0.0.1 at 2012-03-24 14:58:12 -0300
Served asset /application.css - 304 Not Modified (0ms)


Started GET "/assets/scaffolds.css?body=1" for 127.0.0.1 at 2012-03-24 14:58:12 -0300
Served asset /scaffolds.css - 304 Not Modified (0ms)


Started GET "/assets/application.js?body=1" for 127.0.0.1 at 2012-03-24 14:58:12 -0300
Served asset /application.js - 304 Not Modified (0ms)


Started GET "/assets/jquery.js?body=1" for 127.0.0.1 at 2012-03-24 14:58:12 -0300
Served asset /jquery.js - 304 Not Modified (0ms)


Started GET "/assets/jquery_ujs.js?body=1" for 127.0.0.1 at 2012-03-24 14:58:12 -0300
Served asset /jquery_ujs.js - 304 Not Modified (0ms)


Started GET "/empresas/1" for 127.0.0.1 at 2012-03-24 14:58:15 -0300
  Processing by EmpresasController#show as HTML
  Parameters: {"id"=>"1"}
  [1m[35mEmpresa Load (0.2ms)[0m  SELECT "empresas".* FROM "empresas" WHERE "empresas"."id" = ? LIMIT 1  [["id", "1"]]
Rendered empresas/_menu.html.erb (1.3ms)
Rendered layouts/_final_menu.html.erb (0.1ms)
Rendered empresas/show.html.erb within layouts/application (13.4ms)
Rendered layouts/_menu.html.erb (0.0ms)
Completed 200 OK in 44ms (Views: 41.7ms | ActiveRecord: 0.5ms)


Started GET "/assets/application.css?body=1" for 127.0.0.1 at 2012-03-24 14:58:15 -0300
Served asset /application.css - 304 Not Modified (0ms)


Started GET "/assets/application.js?body=1" for 127.0.0.1 at 2012-03-24 14:58:15 -0300
Served asset /application.js - 304 Not Modified (0ms)


Started GET "/assets/scaffolds.css?body=1" for 127.0.0.1 at 2012-03-24 14:58:15 -0300
Served asset /scaffolds.css - 304 Not Modified (0ms)


Started GET "/assets/jquery.js?body=1" for 127.0.0.1 at 2012-03-24 14:58:15 -0300
Served asset /jquery.js - 304 Not Modified (0ms)


Started GET "/assets/jquery_ujs.js?body=1" for 127.0.0.1 at 2012-03-24 14:58:15 -0300
Served asset /jquery_ujs.js - 304 Not Modified (0ms)


Started GET "/analise_financeiras/" for 127.0.0.1 at 2012-03-24 14:58:16 -0300
  Processing by AnaliseFinanceirasController#index as HTML
  [1m[36mAnaliseFinanceira Load (0.3ms)[0m  [1mSELECT "analise_financeiras".* FROM "analise_financeiras" [0m
Rendered analise_financeiras/_menu.html.erb (0.9ms)
Rendered layouts/_final_menu.html.erb (0.0ms)
  [1m[35mEmpresa Load (0.2ms)[0m  SELECT "empresas".* FROM "empresas" WHERE "empresas"."id" = 1 LIMIT 1
  [1m[36mAno Load (0.2ms)[0m  [1mSELECT "anos".* FROM "anos" WHERE "anos"."id" = 2 LIMIT 1[0m
  [1m[35mEmpresa Load (0.2ms)[0m  SELECT "empresas".* FROM "empresas" WHERE "empresas"."id" = 2 LIMIT 1
  [1m[36mAno Load (0.1ms)[0m  [1mSELECT "anos".* FROM "anos" WHERE "anos"."id" = 3 LIMIT 1[0m
  [1m[35mCACHE (0.0ms)[0m  SELECT "empresas".* FROM "empresas" WHERE "empresas"."id" = 1 LIMIT 1
  [1m[36mCACHE (0.0ms)[0m  [1mSELECT "anos".* FROM "anos" WHERE "anos"."id" = 2 LIMIT 1[0m
  [1m[35mCACHE (0.0ms)[0m  SELECT "empresas".* FROM "empresas" WHERE "empresas"."id" = 1 LIMIT 1
  [1m[36mCACHE (0.0ms)[0m  [1mSELECT "anos".* FROM "anos" WHERE "anos"."id" = 2 LIMIT 1[0m
Rendered analise_financeiras/_part_index.html.erb (133.4ms)
Rendered analise_financeiras/index.html.erb within layouts/application (136.9ms)
Rendered layouts/_menu.html.erb (0.0ms)
Completed 200 OK in 145ms (Views: 141.7ms | ActiveRecord: 2.0ms)


Started GET "/assets/application.css?body=1" for 127.0.0.1 at 2012-03-24 14:58:17 -0300
Served asset /application.css - 304 Not Modified (0ms)


Started GET "/assets/jquery.js?body=1" for 127.0.0.1 at 2012-03-24 14:58:17 -0300
Served asset /jquery.js - 304 Not Modified (0ms)


Started GET "/assets/jquery_ujs.js?body=1" for 127.0.0.1 at 2012-03-24 14:58:17 -0300
Served asset /jquery_ujs.js - 304 Not Modified (0ms)


Started GET "/assets/scaffolds.css?body=1" for 127.0.0.1 at 2012-03-24 14:58:17 -0300
Served asset /scaffolds.css - 304 Not Modified (0ms)


Started GET "/assets/application.js?body=1" for 127.0.0.1 at 2012-03-24 14:58:17 -0300
Served asset /application.js - 304 Not Modified (0ms)


Started GET "/analise_financeiras/1" for 127.0.0.1 at 2012-03-24 14:58:18 -0300
  Processing by AnaliseFinanceirasController#show as HTML
  Parameters: {"id"=>"1"}
  [1m[35mAnaliseFinanceira Load (0.2ms)[0m  SELECT "analise_financeiras".* FROM "analise_financeiras" WHERE "analise_financeiras"."id" = ? LIMIT 1  [["id", "1"]]
Rendered analise_financeiras/_menu.html.erb (0.6ms)
Rendered layouts/_final_menu.html.erb (0.0ms)
  [1m[36mEmpresa Load (0.2ms)[0m  [1mSELECT "empresas".* FROM "empresas" WHERE "empresas"."id" = 1 LIMIT 1[0m
  [1m[35mAno Load (0.2ms)[0m  SELECT "anos".* FROM "anos" WHERE "anos"."id" = 2 LIMIT 1
  [1m[36mAtivoCirculanteFinanceiro Load (0.2ms)[0m  [1mSELECT "ativo_circulante_financeiros".* FROM "ativo_circulante_financeiros" WHERE "ativo_circulante_financeiros"."analise_financeira_id" = 1[0m
  [1m[35mAnaliseFinanceira Load (0.2ms)[0m  SELECT "analise_financeiras".* FROM "analise_financeiras" WHERE "analise_financeiras"."id" = 1 LIMIT 1
  [1m[36mCACHE (0.0ms)[0m  [1mSELECT "empresas".* FROM "empresas" WHERE "empresas"."id" = 1 LIMIT 1[0m
  [1m[35mCACHE (0.0ms)[0m  SELECT "anos".* FROM "anos" WHERE "anos"."id" = 2 LIMIT 1
  [1m[36mCACHE (0.0ms)[0m  [1mSELECT "analise_financeiras".* FROM "analise_financeiras" WHERE "analise_financeiras"."id" = 1 LIMIT 1[0m
  [1m[35mCACHE (0.0ms)[0m  SELECT "empresas".* FROM "empresas" WHERE "empresas"."id" = 1 LIMIT 1
  [1m[36mCACHE (0.0ms)[0m  [1mSELECT "anos".* FROM "anos" WHERE "anos"."id" = 2 LIMIT 1[0m
Rendered ativo_circulante_financeiros/_part_index.html.erb (21.8ms)
  [1m[35mAnaliseFinanceira Load (0.3ms)[0m  SELECT "analise_financeiras".* FROM "analise_financeiras" 
  [1m[36mCACHE (0.0ms)[0m  [1mSELECT "empresas".* FROM "empresas" WHERE "empresas"."id" = 1 LIMIT 1[0m
  [1m[35mCACHE (0.0ms)[0m  SELECT "anos".* FROM "anos" WHERE "anos"."id" = 2 LIMIT 1
  [1m[36mEmpresa Load (0.1ms)[0m  [1mSELECT "empresas".* FROM "empresas" WHERE "empresas"."id" = 2 LIMIT 1[0m
  [1m[35mAno Load (0.1ms)[0m  SELECT "anos".* FROM "anos" WHERE "anos"."id" = 3 LIMIT 1
  [1m[36mCACHE (0.0ms)[0m  [1mSELECT "empresas".* FROM "empresas" WHERE "empresas"."id" = 1 LIMIT 1[0m
  [1m[35mCACHE (0.0ms)[0m  SELECT "anos".* FROM "anos" WHERE "anos"."id" = 2 LIMIT 1
  [1m[36mCACHE (0.0ms)[0m  [1mSELECT "empresas".* FROM "empresas" WHERE "empresas"."id" = 1 LIMIT 1[0m
  [1m[35mCACHE (0.0ms)[0m  SELECT "anos".* FROM "anos" WHERE "anos"."id" = 2 LIMIT 1
Rendered ativo_circulante_financeiros/_form.html.erb (38.2ms)
  [1m[36mAtivoCirculanteOperacional Load (0.2ms)[0m  [1mSELECT "ativo_circulante_operacionals".* FROM "ativo_circulante_operacionals" WHERE "ativo_circulante_operacionals"."analise_financeira_id" = 1[0m
  [1m[35mCACHE (0.0ms)[0m  SELECT "analise_financeiras".* FROM "analise_financeiras" WHERE "analise_financeiras"."id" = 1 LIMIT 1
  [1m[36mCACHE (0.0ms)[0m  [1mSELECT "empresas".* FROM "empresas" WHERE "empresas"."id" = 1 LIMIT 1[0m
  [1m[35mCACHE (0.0ms)[0m  SELECT "anos".* FROM "anos" WHERE "anos"."id" = 2 LIMIT 1
Rendered ativo_circulante_operacionals/_part_index.html.erb (23.9ms)
  [1m[36mCACHE (0.0ms)[0m  [1mSELECT "analise_financeiras".* FROM "analise_financeiras" [0m
  [1m[35mCACHE (0.0ms)[0m  SELECT "empresas".* FROM "empresas" WHERE "empresas"."id" = 1 LIMIT 1
  [1m[36mCACHE (0.0ms)[0m  [1mSELECT "anos".* FROM "anos" WHERE "anos"."id" = 2 LIMIT 1[0m
  [1m[35mCACHE (0.0ms)[0m  SELECT "empresas".* FROM "empresas" WHERE "empresas"."id" = 2 LIMIT 1
  [1m[36mCACHE (0.0ms)[0m  [1mSELECT "anos".* FROM "anos" WHERE "anos"."id" = 3 LIMIT 1[0m
  [1m[35mCACHE (0.0ms)[0m  SELECT "empresas".* FROM "empresas" WHERE "empresas"."id" = 1 LIMIT 1
  [1m[36mCACHE (0.0ms)[0m  [1mSELECT "anos".* FROM "anos" WHERE "anos"."id" = 2 LIMIT 1[0m
  [1m[35mCACHE (0.0ms)[0m  SELECT "empresas".* FROM "empresas" WHERE "empresas"."id" = 1 LIMIT 1
  [1m[36mCACHE (0.0ms)[0m  [1mSELECT "anos".* FROM "anos" WHERE "anos"."id" = 2 LIMIT 1[0m
Rendered ativo_circulante_operacionals/_form.html.erb (8.8ms)
  [1m[35mPassivoCirculanteFinanceiro Load (0.2ms)[0m  SELECT "passivo_circulante_financeiros".* FROM "passivo_circulante_financeiros" WHERE "passivo_circulante_financeiros"."analise_financeira_id" = 1
  [1m[36mCACHE (0.0ms)[0m  [1mSELECT "analise_financeiras".* FROM "analise_financeiras" WHERE "analise_financeiras"."id" = 1 LIMIT 1[0m
  [1m[35mCACHE (0.0ms)[0m  SELECT "empresas".* FROM "empresas" WHERE "empresas"."id" = 1 LIMIT 1
  [1m[36mCACHE (0.0ms)[0m  [1mSELECT "anos".* FROM "anos" WHERE "anos"."id" = 2 LIMIT 1[0m
Rendered passivo_circulante_financeiros/_part_index.html.erb (17.8ms)
  [1m[35mCACHE (0.0ms)[0m  SELECT "analise_financeiras".* FROM "analise_financeiras" 
  [1m[36mCACHE (0.0ms)[0m  [1mSELECT "empresas".* FROM "empresas" WHERE "empresas"."id" = 1 LIMIT 1[0m
  [1m[35mCACHE (0.0ms)[0m  SELECT "anos".* FROM "anos" WHERE "anos"."id" = 2 LIMIT 1
  [1m[36mCACHE (0.0ms)[0m  [1mSELECT "empresas".* FROM "empresas" WHERE "empresas"."id" = 2 LIMIT 1[0m
  [1m[35mCACHE (0.0ms)[0m  SELECT "anos".* FROM "anos" WHERE "anos"."id" = 3 LIMIT 1
  [1m[36mCACHE (0.0ms)[0m  [1mSELECT "empresas".* FROM "empresas" WHERE "empresas"."id" = 1 LIMIT 1[0m
  [1m[35mCACHE (0.0ms)[0m  SELECT "anos".* FROM "anos" WHERE "anos"."id" = 2 LIMIT 1
  [1m[36mCACHE (0.0ms)[0m  [1mSELECT "empresas".* FROM "empresas" WHERE "empresas"."id" = 1 LIMIT 1[0m
  [1m[35mCACHE (0.0ms)[0m  SELECT "anos".* FROM "anos" WHERE "anos"."id" = 2 LIMIT 1
Rendered passivo_circulante_financeiros/_form.html.erb (7.3ms)
  [1m[36mPassivoCirculanteOperacional Load (0.2ms)[0m  [1mSELECT "passivo_circulante_operacionals".* FROM "passivo_circulante_operacionals" WHERE "passivo_circulante_operacionals"."analise_financeira_id" = 1[0m
  [1m[35mCACHE (0.0ms)[0m  SELECT "analise_financeiras".* FROM "analise_financeiras" WHERE "analise_financeiras"."id" = 1 LIMIT 1
  [1m[36mCACHE (0.0ms)[0m  [1mSELECT "empresas".* FROM "empresas" WHERE "empresas"."id" = 1 LIMIT 1[0m
  [1m[35mCACHE (0.0ms)[0m  SELECT "anos".* FROM "anos" WHERE "anos"."id" = 2 LIMIT 1
  [1m[36mCACHE (0.0ms)[0m  [1mSELECT "analise_financeiras".* FROM "analise_financeiras" WHERE "analise_financeiras"."id" = 1 LIMIT 1[0m
  [1m[35mCACHE (0.0ms)[0m  SELECT "empresas".* FROM "empresas" WHERE "empresas"."id" = 1 LIMIT 1
  [1m[36mCACHE (0.0ms)[0m  [1mSELECT "anos".* FROM "anos" WHERE "anos"."id" = 2 LIMIT 1[0m
Rendered passivo_circulante_operacionals/_part_index.html.erb (21.4ms)
  [1m[35mCACHE (0.0ms)[0m  SELECT "analise_financeiras".* FROM "analise_financeiras" 
  [1m[36mCACHE (0.0ms)[0m  [1mSELECT "empresas".* FROM "empresas" WHERE "empresas"."id" = 1 LIMIT 1[0m
  [1m[35mCACHE (0.0ms)[0m  SELECT "anos".* FROM "anos" WHERE "anos"."id" = 2 LIMIT 1
  [1m[36mCACHE (0.0ms)[0m  [1mSELECT "empresas".* FROM "empresas" WHERE "empresas"."id" = 2 LIMIT 1[0m
  [1m[35mCACHE (0.0ms)[0m  SELECT "anos".* FROM "anos" WHERE "anos"."id" = 3 LIMIT 1
  [1m[36mCACHE (0.0ms)[0m  [1mSELECT "empresas".* FROM "empresas" WHERE "empresas"."id" = 1 LIMIT 1[0m
  [1m[35mCACHE (0.0ms)[0m  SELECT "anos".* FROM "anos" WHERE "anos"."id" = 2 LIMIT 1
  [1m[36mCACHE (0.0ms)[0m  [1mSELECT "empresas".* FROM "empresas" WHERE "empresas"."id" = 1 LIMIT 1[0m
  [1m[35mCACHE (0.0ms)[0m  SELECT "anos".* FROM "anos" WHERE "anos"."id" = 2 LIMIT 1
Rendered passivo_circulante_operacionals/_form.html.erb (7.4ms)
Rendered analise_financeiras/show.html.erb within layouts/application (269.1ms)
Rendered layouts/_menu.html.erb (0.0ms)
Completed 200 OK in 279ms (Views: 271.8ms | ActiveRecord: 5.3ms)


Started GET "/assets/scaffolds.css?body=1" for 127.0.0.1 at 2012-03-24 14:58:18 -0300
Served asset /scaffolds.css - 304 Not Modified (0ms)


Started GET "/assets/application.js?body=1" for 127.0.0.1 at 2012-03-24 14:58:18 -0300
Served asset /application.js - 304 Not Modified (0ms)


Started GET "/assets/application.css?body=1" for 127.0.0.1 at 2012-03-24 14:58:18 -0300
Served asset /application.css - 304 Not Modified (0ms)


Started GET "/assets/jquery_ujs.js?body=1" for 127.0.0.1 at 2012-03-24 14:58:18 -0300
Served asset /jquery_ujs.js - 304 Not Modified (0ms)


Started GET "/assets/jquery.js?body=1" for 127.0.0.1 at 2012-03-24 14:58:18 -0300
Served asset /jquery.js - 304 Not Modified (0ms)
